<?xml version="1.0" encoding="UTF-8"?>
<!-- Generated by org.testng.reporters.JUnitXMLReporter -->
<testsuite ignored="3" hostname="App" failures="0" tests="1" name="Surefire test" time="35.2" errors="0" timestamp="2025-07-13T20:08:36 ICT">
  <testcase classname="com.example.TestRecordVideoHeadlessMode" name="testRecordVideoHeadlessModeInSeleniumGrid" time="35.138"/>
  <testcase classname="com.example.TestRecordVideoHeadlessMode" name="testRecordVideoHeadlessModeWindow" time="0.0">
    <ignored/>
  </testcase> <!-- testRecordVideoHeadlessModeWindow -->
  <testcase classname="com.example.TestRecordVideoHeadlessMode" name="testRecordVideoHeadlessModeLinux" time="0.0">
    <ignored/>
  </testcase> <!-- testRecordVideoHeadlessModeLinux -->
  <testcase classname="com.example.TestRecordVideoHeadlessMode" name="testRecordVideoHeadlessModeMac" time="0.0">
    <ignored/>
  </testcase> <!-- testRecordVideoHeadlessModeMac -->
</testsuite> <!-- Surefire test -->
