<?xml version="1.0" encoding="UTF-8"?>
<!-- Generated by org.testng.reporters.JUnitXMLReporter -->
<testsuite ignored="1" hostname="App" failures="0" tests="1" name="Surefire test" time="41.659" errors="0" timestamp="2025-07-13T09:57:57 ICT">
  <testcase classname="com.example.TestRecordVideoHeadlessMode" name="testRecordVideoHeadlessModeWindows" time="41.605"/>
  <testcase classname="com.example.TestRecordVideoHeadlessMode" name="testRecordVideoHeadlessModeLinux" time="0.0">
    <ignored/>
  </testcase> <!-- testRecordVideoHeadlessModeLinux -->
</testsuite> <!-- Surefire test -->
