<?xml version="1.0" encoding="UTF-8"?>
<!-- Generated by org.testng.reporters.JUnitReportReporter -->
<testsuite hostname="App" failures="0" tests="3" name="com.example.TestRecordVideoHeadlessMode" time="27.496" errors="0" timestamp="2025-07-13T10:18:47 ICT" skipped="2">
  <testcase classname="com.example.TestRecordVideoHeadlessMode" name="testRecordVideoHeadlessModeWindows" time="27.496"/>
  <testcase classname="com.example.TestRecordVideoHeadlessMode" name="testRecordVideoHeadlessModeMac">
    <skipped/>
  </testcase> <!-- testRecordVideoHeadlessModeMac -->
  <testcase classname="com.example.TestRecordVideoHeadlessMode" name="testRecordVideoHeadlessModeLinux">
    <skipped/>
  </testcase> <!-- testRecordVideoHeadlessModeLinux -->
</testsuite> <!-- com.example.TestRecordVideoHeadlessMode -->
