<?xml version="1.0" encoding="UTF-8"?>
<!-- Generated by org.testng.reporters.JUnitReportReporter -->
<testsuite hostname="App" failures="0" tests="2" name="com.example.TestRecordVideoHeadlessMode" time="41.605" errors="0" timestamp="2025-07-13T09:57:57 ICT" skipped="1">
  <testcase classname="com.example.TestRecordVideoHeadlessMode" name="testRecordVideoHeadlessModeWindows" time="41.605"/>
  <testcase classname="com.example.TestRecordVideoHeadlessMode" name="testRecordVideoHeadlessModeLinux">
    <skipped/>
  </testcase> <!-- testRecordVideoHeadlessModeLinux -->
</testsuite> <!-- com.example.TestRecordVideoHeadlessMode -->
